#
# There is insufficient memory for the Java Runtime Environment to continue.
# Native memory allocation (malloc) failed to allocate 979376 bytes for Chunk::new
# Possible reasons:
#   The system is out of physical RAM or swap space
#   In 32 bit mode, the process size limit was hit
# Possible solutions:
#   Reduce memory load on the system
#   Increase physical memory or swap space
#   Check if swap backing store is full
#   Use 64 bit Java on a 64 bit OS
#   Decrease Java heap size (-Xmx/-Xms)
#   Decrease number of Java threads
#   Decrease Java thread stack sizes (-Xss)
#   Set larger code cache with -XX:ReservedCodeCacheSize=
# This output file may be truncated or incomplete.
#
#  Out of Memory Error (allocation.cpp:390), pid=19704, tid=0x0000000000001360
#
# JRE version: OpenJDK Runtime Environment (8.0_152-b01) (build 1.8.0_152-release-915-b01)
# Java VM: OpenJDK 64-Bit Server VM (25.152-b01 mixed mode windows-amd64 compressed oops)
# Failed to write core dump. Minidumps are not enabled by default on client versions of Windows
#

---------------  T H R E A D  ---------------

Current thread (0x0000000016f6b800):  JavaThread "C2 CompilerThread0" daemon [_thread_in_native, id=4960, stack(0x0000000018880000,0x0000000018980000)]

Stack: [0x0000000018880000,0x0000000018980000]
[error occurred during error reporting (printing stack bounds), id 0xc0000005]

Native frames: (J=compiled Java code, j=interpreted, Vv=VM code, C=native code)


Current CompileTask:
C2:8210279 49210       4       com.sun.tools.javac.jvm.Gen::visitSwitch (999 bytes)


---------------  P R O C E S S  ---------------

Java Threads: ( => current thread )
  0x000000001bffd000 JavaThread "Task worker for ':' Thread 3" [_thread_blocked, id=18360, stack(0x0000000075b20000,0x0000000075c20000)]
  0x0000000026b4f000 JavaThread "Task worker for ':' Thread 2" [_thread_blocked, id=2360, stack(0x0000000075a20000,0x0000000075b20000)]
  0x0000000026b4e800 JavaThread "Task worker for ':'" [_thread_blocked, id=13924, stack(0x0000000075920000,0x0000000075a20000)]
  0x0000000026b4d000 JavaThread "Cache worker for Build Output Cleanup Cache (D:\android_probjoct_path\LxjeEmu\.gradle\buildOutputCleanup)" [_thread_blocked, id=14400, stack(0x0000000075820000,0x0000000075920000)]
  0x0000000026b4c000 JavaThread "Cache worker for task history cache (D:\android_probjoct_path\LxjeEmu\.gradle\4.4\taskHistory)" [_thread_blocked, id=13008, stack(0x0000000075720000,0x0000000075820000)]
  0x0000000026b50800 JavaThread "Cache worker for file content cache (D:\android_probjoct_path\LxjeEmu\.gradle\4.4\fileContent)" [_thread_blocked, id=2012, stack(0x0000000075620000,0x0000000075720000)]
  0x0000000026b51800 JavaThread "build operations Thread 4" [_thread_blocked, id=5716, stack(0x0000000075520000,0x0000000075620000)]
  0x0000000026b4d800 JavaThread "build operations Thread 3" [_thread_blocked, id=6428, stack(0x0000000075420000,0x0000000075520000)]
  0x0000000026b42000 JavaThread "build operations Thread 2" [_thread_blocked, id=15276, stack(0x0000000075320000,0x0000000075420000)]
  0x0000000026b44800 JavaThread "build operations" [_thread_blocked, id=5168, stack(0x0000000075220000,0x0000000075320000)]
  0x0000000026b49000 JavaThread "Cache worker for Artifact transforms cache (C:\Users\dell\.gradle\caches\transforms-1)" [_thread_blocked, id=14976, stack(0x0000000075120000,0x0000000075220000)]
  0x0000000026b48000 JavaThread "Cache worker for file hash cache (D:\android_probjoct_path\LxjeEmu\.gradle\4.4\fileHashes)" [_thread_in_native, id=19336, stack(0x0000000075020000,0x0000000075120000)]
  0x000000001b8fa800 JavaThread "Asynchronous log dispatcher for DefaultDaemonConnection: socket connection from /127.0.0.1:64262 to /127.0.0.1:53380" [_thread_blocked, id=5216, stack(0x0000000074360000,0x0000000074460000)]
  0x000000001b8f9000 JavaThread "Daemon worker Thread 15" [_thread_in_Java, id=9964, stack(0x0000000074260000,0x0000000074360000)]
  0x000000001b8ee000 JavaThread "Cancel handler" [_thread_blocked, id=3848, stack(0x0000000074160000,0x0000000074260000)]
  0x000000001b8f0000 JavaThread "Handler for socket connection from /127.0.0.1:64262 to /127.0.0.1:53380" [_thread_in_native, id=16632, stack(0x0000000074060000,0x0000000074160000)]
  0x000000001b8f1800 JavaThread "Daemon Thread 15" [_thread_blocked, id=6640, stack(0x0000000073f60000,0x0000000074060000)]
  0x0000000018ff9000 JavaThread "Java2D Disposer" daemon [_thread_blocked, id=14884, stack(0x000000003ba60000,0x000000003bb60000)]
  0x000000001b8f5800 JavaThread "Memory manager" [_thread_blocked, id=17212, stack(0x0000000021040000,0x0000000021140000)]
  0x0000000019b6a800 JavaThread "File lock request listener" [_thread_in_native, id=20308, stack(0x000000001b450000,0x000000001b550000)]
  0x0000000019b6a000 JavaThread "Cache worker for file hash cache (C:\Users\dell\.gradle\caches\4.4\fileHashes)" [_thread_blocked, id=16752, stack(0x000000001b350000,0x000000001b450000)]
  0x0000000019b65800 JavaThread "Daemon periodic checks" [_thread_blocked, id=20088, stack(0x000000001a850000,0x000000001a950000)]
  0x0000000019b66000 JavaThread "Incoming local TCP Connector on port 64262" [_thread_in_native, id=19504, stack(0x000000001a750000,0x000000001a850000)]
  0x0000000018310000 JavaThread "Service Thread" daemon [_thread_blocked, id=19756, stack(0x0000000018b80000,0x0000000018c80000)]
  0x0000000016f6e000 JavaThread "C1 CompilerThread2" daemon [_thread_blocked, id=20220, stack(0x0000000018a80000,0x0000000018b80000)]
  0x0000000016f6d800 JavaThread "C2 CompilerThread1" daemon [_thread_blocked, id=16476, stack(0x0000000018980000,0x0000000018a80000)]
=>0x0000000016f6b800 JavaThread "C2 CompilerThread0" daemon [_thread_in_native, id=4960, stack(0x0000000018880000,0x0000000018980000)]
  0x0000000018288800 JavaThread "Attach Listener" daemon [_thread_blocked, id=17544, stack(0x0000000018780000,0x0000000018880000)]
  0x0000000016f08800 JavaThread "Signal Dispatcher" daemon [_thread_blocked, id=16688, stack(0x0000000018680000,0x0000000018780000)]
  0x0000000016ef8000 JavaThread "Finalizer" daemon [_thread_blocked, id=19492, stack(0x0000000018180000,0x0000000018280000)]
  0x0000000016ed6800 JavaThread "Reference Handler" daemon [_thread_blocked, id=13752, stack(0x0000000018080000,0x0000000018180000)]
  0x000000000339e000 JavaThread "main" [_thread_blocked, id=17736, stack(0x00000000033a0000,0x00000000034a0000)]

Other Threads:
  0x0000000016ed5800 VMThread [stack: 0x0000000017f80000,0x0000000018080000] [id=5636]
  0x0000000018310800 WatcherThread [stack: 0x0000000018c80000,0x0000000018d80000] [id=20004]

VM state:not at safepoint (normal execution)

VM Mutex/Monitor currently owned by a thread: None

Heap:
 PSYoungGen      total 388608K, used 78137K [0x00000000e0000000, 0x00000000ff180000, 0x0000000100000000)
  eden space 286208K, 15% used [0x00000000e0000000,0x00000000e2a704c0,0x00000000f1780000)
  from space 102400K, 33% used [0x00000000f8d80000,0x00000000faf5e2e0,0x00000000ff180000)
  to   space 111616K, 0% used [0x00000000f1780000,0x00000000f1780000,0x00000000f8480000)
 ParOldGen       total 925184K, used 682587K [0x00000000a0000000, 0x00000000d8780000, 0x00000000e0000000)
  object space 925184K, 73% used [0x00000000a0000000,0x00000000c9a96c78,0x00000000d8780000)
 Metaspace       used 144083K, capacity 155178K, committed 155480K, reserved 1185792K
  class space    used 17083K, capacity 19474K, committed 19584K, reserved 1048576K

Card table byte_map: [0x0000000012960000,0x0000000012c70000] byte_map_base: 0x0000000012460000

Marking Bits: (ParMarkBitMap*) 0x0000000074ea3950
 Begin Bits: [0x0000000013270000, 0x0000000014a70000)
 End Bits:   [0x0000000014a70000, 0x0000000016270000)

Polling page: 0x0000000001680000

CodeCache: size=245760Kb used=124122Kb max_used=124133Kb free=121638Kb
 bounds [0x00000000035a0000, 0x000000000afa0000, 0x00000000125a0000]
 total_blobs=32179 nmethods=31186 adapters=903
 compilation: enabled

Compilation events (10 events):
Event: 8208.182 Thread 0x0000000016f6d800 nmethod 49204 0x000000000385dfd0 code [0x000000000385e120, 0x000000000385e1d8]
Event: 8208.235 Thread 0x0000000016f6d800 49206       4       com.sun.tools.javac.comp.Attr::visitNewArray (281 bytes)
Event: 8208.344 Thread 0x0000000016f6d800 nmethod 49206 0x000000000af8cbd0 code [0x000000000af8cfc0, 0x000000000af8eb80]
Event: 8208.344 Thread 0x0000000016f6d800 49207       4       com.sun.tools.javac.comp.Flow$AssignAnalyzer::visitNewArray (17 bytes)
Event: 8208.358 Thread 0x0000000016f6d800 nmethod 49207 0x000000000af87e90 code [0x000000000af88060, 0x000000000af884f0]
Event: 8208.573 Thread 0x0000000016f6d800 49208       4       com.sun.tools.javac.comp.Check::checkClassOverrideEqualsAndHash (162 bytes)
Event: 8208.583 Thread 0x0000000016f6d800 nmethod 49208 0x0000000005ff5810 code [0x0000000005ff5960, 0x0000000005ff5a58]
Event: 8208.633 Thread 0x0000000016f6b800 49209       4       com.sun.tools.javac.comp.Lower::visitNewArray (93 bytes)
Event: 8208.683 Thread 0x0000000016f6b800 nmethod 49209 0x000000000af90f90 code [0x000000000af91300, 0x000000000af92900]
Event: 8209.067 Thread 0x0000000016f6b800 49210       4       com.sun.tools.javac.jvm.Gen::visitSwitch (999 bytes)

GC Heap History (10 events):
Event: 3458.020 GC heap before
{Heap before GC invocations=218 (full 19):
 PSYoungGen      total 387072K, used 365113K [0x00000000e0000000, 0x0000000100000000, 0x0000000100000000)
  eden space 282624K, 100% used [0x00000000e0000000,0x00000000f1400000,0x00000000f1400000)
  from space 104448K, 78% used [0x00000000f9a00000,0x00000000fea8e588,0x0000000100000000)
  to   space 120832K, 0% used [0x00000000f1400000,0x00000000f1400000,0x00000000f8a00000)
 ParOldGen       total 856064K, used 743357K [0x00000000a0000000, 0x00000000d4400000, 0x00000000e0000000)
  object space 856064K, 86% used [0x00000000a0000000,0x00000000cd5ef468,0x00000000d4400000)
 Metaspace       used 139727K, capacity 150776K, committed 150872K, reserved 1181696K
  class space    used 16630K, capacity 19013K, committed 19072K, reserved 1048576K
Event: 3458.354 GC heap after
Heap after GC invocations=218 (full 19):
 PSYoungGen      total 403456K, used 12961K [0x00000000e0000000, 0x0000000100000000, 0x0000000100000000)
  eden space 282624K, 0% used [0x00000000e0000000,0x00000000e0000000,0x00000000f1400000)
  from space 120832K, 10% used [0x00000000f1400000,0x00000000f20a86a0,0x00000000f8a00000)
  to   space 117248K, 0% used [0x00000000f8d80000,0x00000000f8d80000,0x0000000100000000)
 ParOldGen       total 856064K, used 817593K [0x00000000a0000000, 0x00000000d4400000, 0x00000000e0000000)
  object space 856064K, 95% used [0x00000000a0000000,0x00000000d1e6e538,0x00000000d4400000)
 Metaspace       used 139727K, capacity 150776K, committed 150872K, reserved 1181696K
  class space    used 16630K, capacity 19013K, committed 19072K, reserved 1048576K
}
Event: 3458.354 GC heap before
{Heap before GC invocations=219 (full 20):
 PSYoungGen      total 403456K, used 12961K [0x00000000e0000000, 0x0000000100000000, 0x0000000100000000)
  eden space 282624K, 0% used [0x00000000e0000000,0x00000000e0000000,0x00000000f1400000)
  from space 120832K, 10% used [0x00000000f1400000,0x00000000f20a86a0,0x00000000f8a00000)
  to   space 117248K, 0% used [0x00000000f8d80000,0x00000000f8d80000,0x0000000100000000)
 ParOldGen       total 856064K, used 817593K [0x00000000a0000000, 0x00000000d4400000, 0x00000000e0000000)
  object space 856064K, 95% used [0x00000000a0000000,0x00000000d1e6e538,0x00000000d4400000)
 Metaspace       used 139727K, capacity 150776K, committed 150872K, reserved 1181696K
  class space    used 16630K, capacity 19013K, committed 19072K, reserved 1048576K
Event: 3474.679 GC heap after
Heap after GC invocations=219 (full 20):
 PSYoungGen      total 403456K, used 0K [0x00000000e0000000, 0x0000000100000000, 0x0000000100000000)
  eden space 282624K, 0% used [0x00000000e0000000,0x00000000e0000000,0x00000000f1400000)
  from space 120832K, 0% used [0x00000000f1400000,0x00000000f1400000,0x00000000f8a00000)
  to   space 117248K, 0% used [0x00000000f8d80000,0x00000000f8d80000,0x0000000100000000)
 ParOldGen       total 925184K, used 613312K [0x00000000a0000000, 0x00000000d8780000, 0x00000000e0000000)
  object space 925184K, 66% used [0x00000000a0000000,0x00000000c56f0100,0x00000000d8780000)
 Metaspace       used 139516K, capacity 150420K, committed 150872K, reserved 1181696K
  class space    used 16605K, capacity 18943K, committed 19072K, reserved 1048576K
}
Event: 8133.920 GC heap before
{Heap before GC invocations=220 (full 20):
 PSYoungGen      total 403456K, used 282624K [0x00000000e0000000, 0x0000000100000000, 0x0000000100000000)
  eden space 282624K, 100% used [0x00000000e0000000,0x00000000f1400000,0x00000000f1400000)
  from space 120832K, 0% used [0x00000000f1400000,0x00000000f1400000,0x00000000f8a00000)
  to   space 117248K, 0% used [0x00000000f8d80000,0x00000000f8d80000,0x0000000100000000)
 ParOldGen       total 925184K, used 613312K [0x00000000a0000000, 0x00000000d8780000, 0x00000000e0000000)
  object space 925184K, 66% used [0x00000000a0000000,0x00000000c56f0100,0x00000000d8780000)
 Metaspace       used 139632K, capacity 150604K, committed 150872K, reserved 1181696K
  class space    used 16621K, capacity 18993K, committed 19072K, reserved 1048576K
Event: 8139.950 GC heap after
Heap after GC invocations=220 (full 20):
 PSYoungGen      total 388608K, used 26145K [0x00000000e0000000, 0x00000000ff180000, 0x0000000100000000)
  eden space 286208K, 0% used [0x00000000e0000000,0x00000000e0000000,0x00000000f1780000)
  from space 102400K, 25% used [0x00000000f8d80000,0x00000000fa708750,0x00000000ff180000)
  to   space 111616K, 0% used [0x00000000f1780000,0x00000000f1780000,0x00000000f8480000)
 ParOldGen       total 925184K, used 613320K [0x00000000a0000000, 0x00000000d8780000, 0x00000000e0000000)
  object space 925184K, 66% used [0x00000000a0000000,0x00000000c56f2100,0x00000000d8780000)
 Metaspace       used 139632K, capacity 150604K, committed 150872K, reserved 1181696K
  class space    used 16621K, capacity 18993K, committed 19072K, reserved 1048576K
}
Event: 8193.238 GC heap before
{Heap before GC invocations=221 (full 20):
 PSYoungGen      total 388608K, used 312353K [0x00000000e0000000, 0x00000000ff180000, 0x0000000100000000)
  eden space 286208K, 100% used [0x00000000e0000000,0x00000000f1780000,0x00000000f1780000)
  from space 102400K, 25% used [0x00000000f8d80000,0x00000000fa708750,0x00000000ff180000)
  to   space 111616K, 0% used [0x00000000f1780000,0x00000000f1780000,0x00000000f8480000)
 ParOldGen       total 925184K, used 613320K [0x00000000a0000000, 0x00000000d8780000, 0x00000000e0000000)
  object space 925184K, 66% used [0x00000000a0000000,0x00000000c56f2100,0x00000000d8780000)
 Metaspace       used 144080K, capacity 155178K, committed 155480K, reserved 1185792K
  class space    used 17083K, capacity 19474K, committed 19584K, reserved 1048576K
Event: 8197.901 GC heap after
Heap after GC invocations=221 (full 20):
 PSYoungGen      total 397824K, used 96250K [0x00000000e0000000, 0x00000000ff180000, 0x0000000100000000)
  eden space 286208K, 0% used [0x00000000e0000000,0x00000000e0000000,0x00000000f1780000)
  from space 111616K, 86% used [0x00000000f1780000,0x00000000f757e808,0x00000000f8480000)
  to   space 102400K, 0% used [0x00000000f8d80000,0x00000000f8d80000,0x00000000ff180000)
 ParOldGen       total 925184K, used 636447K [0x00000000a0000000, 0x00000000d8780000, 0x00000000e0000000)
  object space 925184K, 68% used [0x00000000a0000000,0x00000000c6d87ef8,0x00000000d8780000)
 Metaspace       used 144080K, capacity 155178K, committed 155480K, reserved 1185792K
  class space    used 17083K, capacity 19474K, committed 19584K, reserved 1048576K
}
Event: 8204.917 GC heap before
{Heap before GC invocations=222 (full 20):
 PSYoungGen      total 397824K, used 382458K [0x00000000e0000000, 0x00000000ff180000, 0x0000000100000000)
  eden space 286208K, 100% used [0x00000000e0000000,0x00000000f1780000,0x00000000f1780000)
  from space 111616K, 86% used [0x00000000f1780000,0x00000000f757e808,0x00000000f8480000)
  to   space 102400K, 0% used [0x00000000f8d80000,0x00000000f8d80000,0x00000000ff180000)
 ParOldGen       total 925184K, used 636447K [0x00000000a0000000, 0x00000000d8780000, 0x00000000e0000000)
  object space 925184K, 68% used [0x00000000a0000000,0x00000000c6d87ef8,0x00000000d8780000)
 Metaspace       used 144083K, capacity 155178K, committed 155480K, reserved 1185792K
  class space    used 17083K, capacity 19474K, committed 19584K, reserved 1048576K
Event: 8207.055 GC heap after
Heap after GC invocations=222 (full 20):
 PSYoungGen      total 388608K, used 34680K [0x00000000e0000000, 0x00000000ff180000, 0x0000000100000000)
  eden space 286208K, 0% used [0x00000000e0000000,0x00000000e0000000,0x00000000f1780000)
  from space 102400K, 33% used [0x00000000f8d80000,0x00000000faf5e2e0,0x00000000ff180000)
  to   space 111616K, 0% used [0x00000000f1780000,0x00000000f1780000,0x00000000f8480000)
 ParOldGen       total 925184K, used 682587K [0x00000000a0000000, 0x00000000d8780000, 0x00000000e0000000)
  object space 925184K, 73% used [0x00000000a0000000,0x00000000c9a96c78,0x00000000d8780000)
 Metaspace       used 144083K, capacity 155178K, committed 155480K, reserved 1185792K
  class space    used 17083K, capacity 19474K, committed 19584K, reserved 1048576K
}

Deoptimization events (10 events):
Event: 3451.381 Thread 0x000000001c002000 Uncommon trap: reason=unstable_if action=reinterpret pc=0x000000000ad95814 method=com.sun.tools.javac.util.Options.isSet(Lcom/sun/tools/javac/main/Option;)Z @ 11
Event: 8111.563 Thread 0x000000001b8f9000 Uncommon trap: reason=bimorphic action=maybe_recompile pc=0x000000000465b374 method=com.google.common.cache.LocalCache$Segment.enqueueNotification(Ljava/lang/Object;ILcom/google/common/cache/LocalCache$ValueReference;Lcom/google/common/cache/RemovalCause;
Event: 8111.572 Thread 0x000000001b8f9000 Uncommon trap: reason=bimorphic action=maybe_recompile pc=0x000000000465b374 method=com.google.common.cache.LocalCache$Segment.enqueueNotification(Ljava/lang/Object;ILcom/google/common/cache/LocalCache$ValueReference;Lcom/google/common/cache/RemovalCause;
Event: 8111.574 Thread 0x000000001b8f9000 Uncommon trap: reason=bimorphic action=maybe_recompile pc=0x000000000465b374 method=com.google.common.cache.LocalCache$Segment.enqueueNotification(Ljava/lang/Object;ILcom/google/common/cache/LocalCache$ValueReference;Lcom/google/common/cache/RemovalCause;
Event: 8111.574 Thread 0x000000001b8f9000 Uncommon trap: reason=bimorphic action=maybe_recompile pc=0x000000000465b374 method=com.google.common.cache.LocalCache$Segment.enqueueNotification(Ljava/lang/Object;ILcom/google/common/cache/LocalCache$ValueReference;Lcom/google/common/cache/RemovalCause;
Event: 8114.596 Thread 0x000000001b8f9000 Uncommon trap: reason=null_check action=make_not_entrant pc=0x0000000007c2e5e8 method=java.lang.Integer.equals(Ljava/lang/Object;)Z @ 1
Event: 8119.440 Thread 0x0000000026b4d800 Uncommon trap: reason=unstable_if action=reinterpret pc=0x0000000004c49dec method=com.google.common.cache.LocalCache$Segment.drainRecencyQueue()V @ 27
Event: 8119.440 Thread 0x000000001b8f9000 Uncommon trap: reason=unstable_if action=reinterpret pc=0x0000000004c49dec method=com.google.common.cache.LocalCache$Segment.drainRecencyQueue()V @ 27
Event: 8119.441 Thread 0x0000000026b51800 Uncommon trap: reason=unstable_if action=reinterpret pc=0x0000000004bf1a10 method=com.google.common.cache.LocalCache$Segment.drainRecencyQueue()V @ 27
Event: 8160.227 Thread 0x000000001b8f9000 Uncommon trap: reason=unstable_if action=reinterpret pc=0x000000000adfc380 method=android.databinding.tool.reflection.SdkUtil$ApiChecker.buildFullLookup()V @ 49

Classes redefined (0 events):
No events

Internal exceptions (10 events):
Event: 3457.954 Thread 0x0000000018ff6000 Exception <a 'sun/nio/fs/WindowsException'> (0x00000000f0b91308) thrown at [D:\src\AOSP-openjdk-cygwin\jdk8u\hotspot\src\share\vm\prims\jni.cpp, line 709]
Event: 3458.018 Thread 0x0000000018fef000 Exception <a 'sun/nio/fs/WindowsException'> (0x00000000f0ecb0a8) thrown at [D:\src\AOSP-openjdk-cygwin\jdk8u\hotspot\src\share\vm\prims\jni.cpp, line 709]
Event: 3475.009 Thread 0x0000000018ff7000 Exception <a 'sun/nio/fs/WindowsException'> (0x00000000e2fbfa28) thrown at [D:\src\AOSP-openjdk-cygwin\jdk8u\hotspot\src\share\vm\prims\jni.cpp, line 709]
Event: 8110.385 Thread 0x000000001b8f9000 Exception <a 'java/lang/ClassNotFoundException': sync_local_repo6286_6dmcchih6ueuixaral1cotdg0BeanInfo> (0x00000000e7fef810) thrown at [D:\src\AOSP-openjdk-cygwin\jdk8u\hotspot\src\share\vm\classfile\systemDictionary.cpp, line 210]
Event: 8110.400 Thread 0x000000001b8f9000 Exception <a 'java/lang/ClassNotFoundException': sync_local_repo6286_6dmcchih6ueuixaral1cotdg0Customizer> (0x00000000e7ffadd8) thrown at [D:\src\AOSP-openjdk-cygwin\jdk8u\hotspot\src\share\vm\classfile\systemDictionary.cpp, line 210]
Event: 8114.583 Thread 0x000000001b8f9000 Implicit null exception at 0x0000000007c2e5ac to 0x0000000007c2e5d9
Event: 8116.626 Thread 0x000000001b8f9000 Exception <a 'sun/nio/fs/WindowsException'> (0x00000000eaba9990) thrown at [D:\src\AOSP-openjdk-cygwin\jdk8u\hotspot\src\share\vm\prims\jni.cpp, line 709]
Event: 8118.686 Thread 0x000000001b8f9000 Exception <a 'sun/nio/fs/WindowsException'> (0x00000000eb60de28) thrown at [D:\src\AOSP-openjdk-cygwin\jdk8u\hotspot\src\share\vm\prims\jni.cpp, line 709]
Event: 8167.651 Thread 0x000000001b8f9000 Exception <a 'java/lang/NoSuchMethodError': <clinit>> (0x00000000e9a6d8c8) thrown at [D:\src\AOSP-openjdk-cygwin\jdk8u\hotspot\src\share\vm\prims\jni.cpp, line 1613]
Event: 8168.014 Thread 0x000000001b8f9000 Exception <a 'java/lang/ClassNotFoundException': com/sun/org/glassfish/hk2/osgiresourcelocator/ServiceLoader> (0x00000000e9a90960) thrown at [D:\src\AOSP-openjdk-cygwin\jdk8u\hotspot\src\share\vm\classfile\systemDictionary.cpp, line 210]

Events (10 events):
Event: 8203.197 Thread 0x0000000016f6e000 flushing nmethod 0x0000000004ba88d0
Event: 8203.514 Executing VM operation: ForceSafepoint
Event: 8203.520 Executing VM operation: ForceSafepoint done
Event: 8204.036 Thread 0x0000000016f6e000 flushing nmethod 0x0000000004fdb690
Event: 8204.913 Executing VM operation: ParallelGCFailedAllocation
Event: 8207.064 Executing VM operation: ParallelGCFailedAllocation done
Event: 8207.296 Thread 0x0000000016f6e000 flushing nmethod 0x000000000591d010
Event: 8208.363 Thread 0x0000000016f6b800 flushing nmethod 0x0000000005e75f10
Event: 8208.491 Thread 0x0000000016f6b800 flushing nmethod 0x0000000005ff5810
Event: 8208.937 Thread 0x0000000016f6d800 flushing nmethod 0x000000000646a750


Dynamic libraries:
0x00007ff631210000 - 0x00007ff631241000 	D:\android_tool\Android Studio\jre\bin\java.exe
0x00007ffb3e770000 - 0x00007ffb3e951000 	C:\WINDOWS\SYSTEM32\ntdll.dll
0x00007ffb3e680000 - 0x00007ffb3e732000 	C:\WINDOWS\System32\KERNEL32.DLL
0x00007ffb3ab40000 - 0x00007ffb3adb3000 	C:\WINDOWS\System32\KERNELBASE.dll
0x00007ffb3df60000 - 0x00007ffb3e001000 	C:\WINDOWS\System32\ADVAPI32.dll
0x00007ffb3d570000 - 0x00007ffb3d60e000 	C:\WINDOWS\System32\msvcrt.dll
0x00007ffb3bda0000 - 0x00007ffb3bdfb000 	C:\WINDOWS\System32\sechost.dll
0x00007ffb3d2c0000 - 0x00007ffb3d3e4000 	C:\WINDOWS\System32\RPCRT4.dll
0x00007ffb3e090000 - 0x00007ffb3e220000 	C:\WINDOWS\System32\USER32.dll
0x00007ffb3adc0000 - 0x00007ffb3ade0000 	C:\WINDOWS\System32\win32u.dll
0x00007ffb3dc20000 - 0x00007ffb3dc48000 	C:\WINDOWS\System32\GDI32.dll
0x00007ffb3b930000 - 0x00007ffb3bac2000 	C:\WINDOWS\System32\gdi32full.dll
0x00007ffb3ade0000 - 0x00007ffb3ae7f000 	C:\WINDOWS\System32\msvcp_win.dll
0x00007ffb3b830000 - 0x00007ffb3b92a000 	C:\WINDOWS\System32\ucrtbase.dll
0x00007ffb30d80000 - 0x00007ffb30fe9000 	C:\WINDOWS\WinSxS\amd64_microsoft.windows.common-controls_6595b64144ccf1df_6.0.17134.165_none_fb429645306569ac\COMCTL32.dll
0x00007ffb3e350000 - 0x00007ffb3e673000 	C:\WINDOWS\System32\combase.dll
0x00007ffb3bb80000 - 0x00007ffb3bbfa000 	C:\WINDOWS\System32\bcryptPrimitives.dll
0x00007ffb3e230000 - 0x00007ffb3e25d000 	C:\WINDOWS\System32\IMM32.DLL
0x0000000074520000 - 0x00000000745f2000 	D:\android_tool\Android Studio\jre\jre\bin\msvcr100.dll
0x00000000746e0000 - 0x0000000074f1e000 	D:\android_tool\Android Studio\jre\jre\bin\server\jvm.dll
0x00007ffb3e220000 - 0x00007ffb3e228000 	C:\WINDOWS\System32\PSAPI.DLL
0x00007ffb2b8c0000 - 0x00007ffb2b8c9000 	C:\WINDOWS\SYSTEM32\WSOCK32.dll
0x00007ffb38c10000 - 0x00007ffb38c33000 	C:\WINDOWS\SYSTEM32\WINMM.dll
0x00007ffb396a0000 - 0x00007ffb396aa000 	C:\WINDOWS\SYSTEM32\VERSION.dll
0x00007ffb3d450000 - 0x00007ffb3d4bc000 	C:\WINDOWS\System32\WS2_32.dll
0x00007ffb38bc0000 - 0x00007ffb38bea000 	C:\WINDOWS\SYSTEM32\winmmbase.dll
0x00007ffb3ae80000 - 0x00007ffb3aec9000 	C:\WINDOWS\System32\cfgmgr32.dll
0x00007ffb27f20000 - 0x00007ffb27f2f000 	D:\android_tool\Android Studio\jre\jre\bin\verify.dll
0x00007ffb136a0000 - 0x00007ffb136c9000 	D:\android_tool\Android Studio\jre\jre\bin\java.dll
0x00007ffb12030000 - 0x00007ffb12046000 	D:\android_tool\Android Studio\jre\jre\bin\zip.dll
0x00007ffb3be00000 - 0x00007ffb3d240000 	C:\WINDOWS\System32\SHELL32.dll
0x00007ffb3d4c0000 - 0x00007ffb3d569000 	C:\WINDOWS\System32\shcore.dll
0x00007ffb3af30000 - 0x00007ffb3b63d000 	C:\WINDOWS\System32\windows.storage.dll
0x00007ffb3d770000 - 0x00007ffb3d7c1000 	C:\WINDOWS\System32\shlwapi.dll
0x00007ffb3ab00000 - 0x00007ffb3ab11000 	C:\WINDOWS\System32\kernel.appcore.dll
0x00007ffb3aae0000 - 0x00007ffb3aaff000 	C:\WINDOWS\System32\profapi.dll
0x00007ffb3aa90000 - 0x00007ffb3aadc000 	C:\WINDOWS\System32\powrprof.dll
0x00007ffb3aa80000 - 0x00007ffb3aa8a000 	C:\WINDOWS\System32\FLTLIB.DLL
0x00007ffb10380000 - 0x00007ffb1039a000 	D:\android_tool\Android Studio\jre\jre\bin\net.dll
0x00007ffb3a280000 - 0x00007ffb3a2e6000 	C:\WINDOWS\system32\mswsock.dll
0x00007ffb0dc60000 - 0x00007ffb0dc71000 	D:\android_tool\Android Studio\jre\jre\bin\nio.dll
0x00007ffb1ad70000 - 0x00007ffb1ad8e000 	C:\Users\dell\.gradle\native\25\windows-amd64\native-platform.dll
0x00007ffb1d740000 - 0x00007ffb1d74d000 	D:\android_tool\Android Studio\jre\jre\bin\management.dll
0x00007ffb3a430000 - 0x00007ffb3a447000 	C:\WINDOWS\SYSTEM32\CRYPTSP.dll
0x00007ffb39e60000 - 0x00007ffb39e93000 	C:\WINDOWS\system32\rsaenh.dll
0x00007ffb3a560000 - 0x00007ffb3a585000 	C:\WINDOWS\SYSTEM32\bcrypt.dll
0x00007ffb3a9b0000 - 0x00007ffb3a9d8000 	C:\WINDOWS\SYSTEM32\USERENV.dll
0x00007ffb3a450000 - 0x00007ffb3a45b000 	C:\WINDOWS\SYSTEM32\CRYPTBASE.dll
0x00007ffb3a000000 - 0x00007ffb3a038000 	C:\WINDOWS\SYSTEM32\IPHLPAPI.DLL
0x00007ffb3d2a0000 - 0x00007ffb3d2a8000 	C:\WINDOWS\System32\NSI.dll
0x00007ffb33990000 - 0x00007ffb339a6000 	C:\WINDOWS\SYSTEM32\dhcpcsvc6.DLL
0x00007ffb33970000 - 0x00007ffb3398a000 	C:\WINDOWS\SYSTEM32\dhcpcsvc.DLL
0x00007ffb3a040000 - 0x00007ffb3a0fe000 	C:\WINDOWS\SYSTEM32\DNSAPI.dll
0x00007ffb319d0000 - 0x00007ffb319da000 	C:\Windows\System32\rasadhlp.dll
0x00007ffb31a50000 - 0x00007ffb31ac2000 	C:\WINDOWS\System32\fwpuclnt.dll
0x00007ffb097f0000 - 0x00007ffb09814000 	D:\android_tool\Android Studio\jre\jre\bin\sunec.dll
0x00007ffb30a60000 - 0x00007ffb30a6b000 	D:\android_tool\Android Studio\jre\jre\bin\sunmscapi.dll
0x00007ffb3b640000 - 0x00007ffb3b822000 	C:\WINDOWS\System32\CRYPT32.dll
0x00007ffb3ab20000 - 0x00007ffb3ab32000 	C:\WINDOWS\System32\MSASN1.dll
0x00007ffb39b50000 - 0x00007ffb39b81000 	C:\WINDOWS\SYSTEM32\ntmarta.dll
0x00007ffb09980000 - 0x00007ffb09b15000 	D:\android_tool\Android Studio\jre\jre\bin\awt.dll
0x00007ffb3dcf0000 - 0x00007ffb3ddb2000 	C:\WINDOWS\System32\OLEAUT32.dll
0x00007ffb37d10000 - 0x00007ffb382d7000 	C:\WINDOWS\SYSTEM32\d2d1.dll
0x00007ffb38b20000 - 0x00007ffb38bab000 	C:\WINDOWS\SYSTEM32\apphelp.dll
0x00007ffb39050000 - 0x00007ffb39079000 	C:\WINDOWS\system32\DWMAPI.DLL
0x00007ffb38ed0000 - 0x00007ffb38f68000 	C:\WINDOWS\system32\uxtheme.dll

VM Arguments:
jvm_args: -Xmx1536m -Dfile.encoding=GBK -Duser.country=CN -Duser.language=zh -Duser.variant 
java_command: org.gradle.launcher.daemon.bootstrap.GradleDaemon 4.4
java_class_path (initial): C:\Users\dell\.gradle\wrapper\dists\gradle-4.4-all\9br9xq1tocpiv8o6njlyu5op1\gradle-4.4\lib\gradle-launcher-4.4.jar
Launcher Type: SUN_STANDARD

Environment Variables:
JAVA_HOME=D:\java_tool\java\java_tool
CLASSPATH=.;D:\java_tool\java\java_tool\lib\dt.jar;D:\java_tool\java\java_tool\lib\tools.jar;
PATH=C:\ProgramData\Oracle\Java\javapath;C:\WINDOWS\system32;C:\WINDOWS;C:\WINDOWS\System32\Wbem;C:\WINDOWS\System32\WindowsPowerShell\v1.0\;D:\java_tool\java\java_tool\bin;D:\java_tool\java\java_tool\jre\bin;C:\WINDOWS\System32\OpenSSH\;C:\Program Files\TortoiseSVN\bin;C:\Users\dell\AppData\Local\Microsoft\WindowsApps;
USERNAME=dell
OS=Windows_NT
PROCESSOR_IDENTIFIER=Intel64 Family 6 Model 158 Stepping 9, GenuineIntel



---------------  S Y S T E M  ---------------

OS: Windows 10.0 , 64 bit Build 17134 (10.0.17134.1)

CPU:total 4 (initial active 4) (2 cores per cpu, 2 threads per core) family 6 model 158 stepping 9, cmov, cx8, fxsr, mmx, sse, sse2, sse3, ssse3, sse4.1, sse4.2, popcnt, avx, avx2, aes, clmul, erms, 3dnowpref, lzcnt, ht, tsc, tscinvbit, bmi1, bmi2, adx

Memory: 4k page, physical 4100240k(33880k free), swap 11780108k(5384k free)

vm_info: OpenJDK 64-Bit Server VM (25.152-b01) for windows-amd64 JRE (1.8.0_152-release-915-b01), built by "builder" with MS VC++ 10.0 (VS2010)

time: Wed Jul 25 10:57:50 2018
elapsed time: 8209 seconds (0d 2h 16m 49s)

